02/26/2019 20:11:50 Guardião Itaú, versão 2.1.0 Descrição do processo de instalação do Guardião. As informações contidas nesse documento poderão ser solicitadas pela central de atendimento caso ocorra um erro no processo de instalação. A exclusão desse documento não acarreta nenhum problema de performance na sua máquina.
02/26/2019 20:11:50 2.1.1.8
02/26/2019 20:11:50 Usuário: Guilherme Henrique(Administrador)
02/26/2019 20:11:50 Versão do Sistema Operacional: 6.2.9200
02/26/2019 20:11:50 64 Bits: true
02/26/2019 20:11:50   ( 0.7 )
02/26/2019 20:11:50 UAC: Ativado
02/26/2019 20:11:50 Verificando se Firefox está instalado...
02/26/2019 20:11:50 Firefox não instalado.
02/26/2019 20:11:50 [Ativação do TLS no Windows] Verificando...
02/26/2019 20:11:50 [Ativação do TLS no Windows] 
02/26/2019 20:11:50 [Ativação do TLS no Windows] Ok.
02/26/2019 20:11:50 [Configurações gerais] Verificando...
02/26/2019 20:11:50 [Configurações gerais] Ok.
02/26/2019 20:11:50 [Instalação de certificados raiz] Verificando...
02/26/2019 20:11:50 [Instalação de certificados raiz] Efetuando download ...
02/26/2019 20:11:57 [Instalação de certificados raiz] Instalando...
02/26/2019 20:11:57 [Instalação de certificados raiz] Ok.
02/26/2019 20:11:57 [Configurações gerais] Verificando...
02/26/2019 20:11:57 [Configurações gerais] Ok.
02/26/2019 20:11:57 [Configurações gerais] Verificando...
02/26/2019 20:11:57 [Configurações gerais] Limpando...
02/26/2019 20:11:57 [Configurações gerais] Ok.
02/26/2019 20:11:57 [Executando a instalação do Guardião] Verificando...
02/26/2019 20:11:58 [Executando a instalação do Guardião] Efetuando download ...
02/26/2019 20:12:07 [Executando a instalação do Guardião] Instalando...
02/26/2019 20:12:17 [Executando a instalação do Guardião] Ok.
02/26/2019 20:12:17 [Restaurando os registros do Warsaw] Verificando...
02/26/2019 20:12:17 [Restaurando os registros do Warsaw] Ok.
02/26/2019 20:12:17 [Verificando arquivos do Guardião] Verificando...
02/26/2019 20:12:17 [Verificando arquivos do Guardião] Ok.
02/26/2019 20:12:17 [Instalando Cliente do Guardião] Verificando...
02/26/2019 20:12:31 [Instalando Cliente do Guardião] Ok.
02/26/2019 20:12:31 [Ajustando ambiente] Verificando...
02/26/2019 20:12:31 [Ajustando ambiente] Ok.
02/26/2019 20:12:31 [Concluindo execucao] Verificando...
02/26/2019 20:12:35 [Concluindo execucao] CONCLUÍDO.
02/26/2019 20:12:35 CONCLUÍDO.
